<?xml version="1.0" encoding="UTF-8"?>
<!-- Generated by org.testng.reporters.JUnitXMLReporter -->
<testsuite ignored="0" hostname="LAPTOP-8GM7S38Q" failures="0" tests="3" name="Default test" time="3.703" errors="0" timestamp="2025-03-07T10:09:29 IST">
  <testcase classname="api.tests.userTests" name="prepareData" time="0.012"/>
  <testcase classname="api.tests.userTests" name="testCreateUser" time="2.529"/>
  <testcase classname="api.tests.userTests" name="testRetrieveUser" time="1.123"/>
</testsuite> <!-- Default test -->
