<?xml version="1.0" encoding="UTF-8"?>
<!-- Generated by org.testng.reporters.JUnitXMLReporter -->
<testsuite ignored="0" hostname="LAPTOP-8GM7S38Q" failures="0" tests="3" name="Test" time="5.179" errors="0" timestamp="2025-03-13T10:04:47 IST">
  <testcase classname="api.tests.userTests" name="prepareData" time="0.015"/>
  <testcase classname="api.tests.userTests" name="testCreateUser" time="3.835"/>
  <testcase classname="api.tests.userTests" name="testRetrieveUser" time="1.247"/>
</testsuite> <!-- Test -->
