<?xml version="1.0" encoding="UTF-8"?>
<testng-results ignored="0" total="3" passed="3" failed="0" skipped="0">
  <reporter-output>
  </reporter-output>
  <suite started-at="2025-03-13T10:04:42 IST" name="Suite" finished-at="2025-03-13T10:04:47 IST" duration-ms="5179">
    <groups>
    </groups>
    <test started-at="2025-03-13T10:04:42 IST" name="Test" finished-at="2025-03-13T10:04:47 IST" duration-ms="5179">
      <class name="api.tests.userTests">
        <test-method signature="prepareData()[pri:0, instance:api.tests.userTests@63021689]" started-at="2025-03-13T10:04:42 IST" name="prepareData" finished-at="2025-03-13T10:04:42 IST" duration-ms="15" status="PASS">
          <reporter-output>
          </reporter-output>
        </test-method> <!-- prepareData -->
        <test-method signature="testCreateUser()[pri:1, instance:api.tests.userTests@63021689]" started-at="2025-03-13T10:04:42 IST" name="testCreateUser" finished-at="2025-03-13T10:04:46 IST" duration-ms="3835" status="PASS">
          <reporter-output>
          </reporter-output>
        </test-method> <!-- testCreateUser -->
        <test-method signature="testRetrieveUser()[pri:2, instance:api.tests.userTests@63021689]" started-at="2025-03-13T10:04:46 IST" name="testRetrieveUser" finished-at="2025-03-13T10:04:47 IST" duration-ms="1247" status="PASS">
          <reporter-output>
          </reporter-output>
        </test-method> <!-- testRetrieveUser -->
      </class> <!-- api.tests.userTests -->
    </test> <!-- Test -->
  </suite> <!-- Suite -->
</testng-results>
