<?xml version="1.0" encoding="UTF-8"?>
<testsuite xmlns:xsi="http://www.w3.org/2001/XMLSchema-instance" xsi:noNamespaceSchemaLocation="https://maven.apache.org/surefire/maven-surefire-plugin/xsd/surefire-test-report.xsd" version="3.0.2" name="TestSuite" time="5.929" tests="3" errors="0" skipped="0" failures="0">
  <properties>
[...]
</properties>
  <testcase name="prepareData" classname="api.tests.userTests" time="0.016">
    <system-err><![CDATA[SLF4J: Failed to load class "org.slf4j.impl.StaticLoggerBinder".
SLF4J: Defaulting to no-operation (NOP) logger implementation
SLF4J: See http://www.slf4j.org/codes.html#StaticLoggerBinder for further details.
]]></system-err>
  </testcase>
  <testcase name="testCreateUser" classname="api.tests.userTests" time="3.837">
    <system-out><![CDATA[Request method:	POST
Request URI:	https://petstore.swagger.io/v2/user
Proxy:			<none>
Request params:	<none>
Query params:	<none>
Form params:	<none>
Path params:	<none>
Headers:		Accept=application/json, application/javascript, text/javascript, text/json
				Content-Type=application/json
Cookies:		<none>
Multiparts:		<none>
Body:
{
    "id": 0,
    "username": "sample",
    "firstName": "Arjun",
    "lastName": "PV",
    "email": "Arjun@gmail.com",
    "password": "Hellow",
    "phone": "1234567898",
    "userStatus": 0
}
HTTP/1.1 200 OK
Date: Thu, 13 Mar 2025 04:34:46 GMT
Content-Type: application/json
Transfer-Encoding: chunked
Connection: keep-alive
Access-Control-Allow-Origin: *
Access-Control-Allow-Methods: GET, POST, DELETE, PUT
Access-Control-Allow-Headers: Content-Type, api_key, Authorization
Server: Jetty(9.2.9.v20150224)

{
    "code": 200,
    "type": "unknown",
    "message": "9223372036854773897"
}
]]></system-out>
  </testcase>
  <testcase name="testRetrieveUser" classname="api.tests.userTests" time="1.249">
    <system-out><![CDATA[Request method:	GET
Request URI:	https://petstore.swagger.io/v2/user/sample
Proxy:			<none>
Request params:	<none>
Query params:	<none>
Form params:	<none>
Path params:	username=sample
Headers:		Accept=application/json, application/javascript, text/javascript, text/json
Cookies:		<none>
Multiparts:		<none>
Body:			<none>
HTTP/1.1 404 Not Found
Date: Thu, 13 Mar 2025 04:34:47 GMT
Content-Type: application/json
Transfer-Encoding: chunked
Connection: keep-alive
Access-Control-Allow-Origin: *
Access-Control-Allow-Methods: GET, POST, DELETE, PUT
Access-Control-Allow-Headers: Content-Type, api_key, Authorization
Server: Jetty(9.2.9.v20150224)

{
    "code": 1,
    "type": "error",
    "message": "User not found"
}
]]></system-out>
  </testcase>
</testsuite>