<?xml version="1.0" encoding="UTF-8"?>
<testng-results ignored="0" total="3" passed="3" failed="0" skipped="0">
  <reporter-output>
  </reporter-output>
  <suite started-at="2025-03-13T09:49:10 IST" name="Suite" finished-at="2025-03-13T09:49:14 IST" duration-ms="4759">
    <groups>
    </groups>
    <test started-at="2025-03-13T09:49:10 IST" name="Test" finished-at="2025-03-13T09:49:14 IST" duration-ms="4759">
      <class name="api.tests.userTests">
        <test-method signature="prepareData()[pri:0, instance:api.tests.userTests@6e0f5f7f]" started-at="2025-03-13T09:49:10 IST" name="prepareData" finished-at="2025-03-13T09:49:10 IST" duration-ms="33" status="PASS">
          <reporter-output>
          </reporter-output>
        </test-method> <!-- prepareData -->
        <test-method signature="testCreateUser()[pri:1, instance:api.tests.userTests@6e0f5f7f]" started-at="2025-03-13T09:49:10 IST" name="testCreateUser" finished-at="2025-03-13T09:49:13 IST" duration-ms="3448" status="PASS">
          <reporter-output>
          </reporter-output>
        </test-method> <!-- testCreateUser -->
        <test-method signature="testRetrieveUser()[pri:2, instance:api.tests.userTests@6e0f5f7f]" started-at="2025-03-13T09:49:13 IST" name="testRetrieveUser" finished-at="2025-03-13T09:49:14 IST" duration-ms="1216" status="PASS">
          <reporter-output>
          </reporter-output>
        </test-method> <!-- testRetrieveUser -->
      </class> <!-- api.tests.userTests -->
    </test> <!-- Test -->
  </suite> <!-- Suite -->
</testng-results>
